#
# There is insufficient memory for the Java Runtime Environment to continue.
# Native memory allocation (mmap) failed to map 67108864 bytes for Failed to commit area from 0x00000000fc000000 to 0x0000000100000000 of length 67108864.
# Possible reasons:
#   The system is out of physical RAM or swap space
#   The process is running with CompressedOops enabled, and the Java Heap may be blocking the growth of the native heap
# Possible solutions:
#   Reduce memory load on the system
#   Increase physical memory or swap space
#   Check if swap backing store is full
#   Decrease Java heap size (-Xmx/-Xms)
#   Decrease number of Java threads
#   Decrease Java thread stack sizes (-Xss)
#   Set larger code cache with -XX:ReservedCodeCacheSize=
# This output file may be truncated or incomplete.
#
#  Out of Memory Error (./src/hotspot/os/windows/os_windows.cpp:3390), pid=6860, tid=13572
#
# JRE version:  (11.0.15+10) (build )
# Java VM: OpenJDK 64-Bit Server VM (11.0.15+10, mixed mode, sharing, tiered, compressed oops, g1 gc, windows-amd64)
# No core dump will be written. Minidumps are not enabled by default on client versions of Windows
#

---------------  S U M M A R Y ------------

Command Line: -Xmx64m -Xms64m -Dorg.gradle.appname=gradlew org.gradle.wrapper.GradleWrapperMain app:installDebug -PreactNativeDevServerPort=8081

Host: Intel(R) Core(TM) i5-8300H CPU @ 2.30GHz, 8 cores, 7G,  Windows 10 , 64 bit Build 19041 (10.0.19041.1806)
Time: Fri Jul 22 17:25:47 2022 SE Asia Standard Time elapsed time: 0.135882 seconds (0d 0h 0m 0s)

---------------  T H R E A D  ---------------

Current thread (0x000002e642e54800):  JavaThread "Unknown thread" [_thread_in_vm, id=13572, stack(0x000000f381800000,0x000000f381900000)]

Stack: [0x000000f381800000,0x000000f381900000]
Native frames: (J=compiled Java code, j=interpreted, Vv=VM code, C=native code)
V  [jvm.dll+0x64dd3a]
V  [jvm.dll+0x7906c9]
V  [jvm.dll+0x791d9c]
V  [jvm.dll+0x792463]
V  [jvm.dll+0x265048]
V  [jvm.dll+0x64ac9a]
V  [jvm.dll+0x63f205]
V  [jvm.dll+0x32090c]
V  [jvm.dll+0x320792]
V  [jvm.dll+0x326076]
V  [jvm.dll+0x374b2f]
V  [jvm.dll+0x374550]
V  [jvm.dll+0x2fbec8]
V  [jvm.dll+0x2fd036]
V  [jvm.dll+0x769e77]
V  [jvm.dll+0x76b63f]
V  [jvm.dll+0x3819c9]
V  [jvm.dll+0x74c60e]
V  [jvm.dll+0x3f489d]
V  [jvm.dll+0x3f6ab1]
C  [jli.dll+0x51c7]
C  [ucrtbase.dll+0x21bb2]
C  [KERNEL32.DLL+0x17034]
C  [ntdll.dll+0x52651]


---------------  P R O C E S S  ---------------

Threads class SMR info:
_java_thread_list=0x000002e642c49540, length=0, elements={
}

Java Threads: ( => current thread )

Other Threads:
  0x000002e642e6d000 GCTaskThread "GC Thread#0" [stack: 0x000000f381900000,0x000000f381a00000] [id=14600]
  0x000002e642e74000 ConcurrentGCThread "G1 Main Marker" [stack: 0x000000f381a00000,0x000000f381b00000] [id=18524]
  0x000002e642e75800 ConcurrentGCThread "G1 Conc#0" [stack: 0x000000f381b00000,0x000000f381c00000] [id=19272]

[error occurred during error reporting (printing all threads), id 0xc0000005, EXCEPTION_ACCESS_VIOLATION (0xc0000005) at pc=0x00007ffea3dcb8e7]

VM state:not at safepoint (not fully initialized)

VM Mutex/Monitor currently owned by a thread:  ([mutex/lock_event])
[0x000002e642e504a0] Heap_lock - owner thread: 0x000002e642e54800

Heap address: 0x00000000fc000000, size: 64 MB, Compressed Oops mode: Non-zero based: 0x00000000fc000000
Narrow klass base: 0x0000000000000000, Narrow klass shift: 0

GC Heap History (0 events):
No events

Deoptimization events (0 events):
No events

Classes redefined (0 events):
No events

Internal exceptions (0 events):
No events

Events (1 events):
Event: 0.006 Loaded shared library C:\Program Files\OpenJDK\openjdk-11.0.15_10\bin\zip.dll


Dynamic libraries:
0x00007ff77d190000 - 0x00007ff77d19d000 	C:\Program Files\OpenJDK\openjdk-11.0.15_10\bin\java.exe
0x00007fff39790000 - 0x00007fff39988000 	C:\WINDOWS\SYSTEM32\ntdll.dll
0x00007fff38080000 - 0x00007fff3813d000 	C:\WINDOWS\System32\KERNEL32.DLL
0x00007fff37240000 - 0x00007fff3750e000 	C:\WINDOWS\System32\KERNELBASE.dll
0x00007fff37510000 - 0x00007fff37610000 	C:\WINDOWS\System32\ucrtbase.dll
0x00007fff2a0a0000 - 0x00007fff2a0b6000 	C:\Program Files\OpenJDK\openjdk-11.0.15_10\bin\VCRUNTIME140.dll
0x00007fff0e390000 - 0x00007fff0e3a8000 	C:\Program Files\OpenJDK\openjdk-11.0.15_10\bin\jli.dll
0x00007fff39460000 - 0x00007fff39600000 	C:\WINDOWS\System32\USER32.dll
0x00007fff37210000 - 0x00007fff37232000 	C:\WINDOWS\System32\win32u.dll
0x00007fff100b0000 - 0x00007fff1034a000 	C:\WINDOWS\WinSxS\amd64_microsoft.windows.common-controls_6595b64144ccf1df_6.0.19041.1110_none_60b5254171f9507e\COMCTL32.dll
0x00007fff37ad0000 - 0x00007fff37afa000 	C:\WINDOWS\System32\GDI32.dll
0x00007fff37b00000 - 0x00007fff37b9e000 	C:\WINDOWS\System32\msvcrt.dll
0x00007fff37610000 - 0x00007fff3771b000 	C:\WINDOWS\System32\gdi32full.dll
0x00007fff37750000 - 0x00007fff377ed000 	C:\WINDOWS\System32\msvcp_win.dll
0x00007fff390d0000 - 0x00007fff39100000 	C:\WINDOWS\System32\IMM32.DLL
0x00007ffee8b30000 - 0x00007ffee8bda000 	C:\Program Files\OpenJDK\openjdk-11.0.15_10\bin\msvcp140.dll
0x00007ffea3ac0000 - 0x00007ffea4611000 	C:\Program Files\OpenJDK\openjdk-11.0.15_10\bin\server\jvm.dll
0x00007fff38140000 - 0x00007fff381ee000 	C:\WINDOWS\System32\ADVAPI32.dll
0x00007fff377f0000 - 0x00007fff3788c000 	C:\WINDOWS\System32\sechost.dll
0x00007fff38450000 - 0x00007fff38575000 	C:\WINDOWS\System32\RPCRT4.dll
0x00007fff39740000 - 0x00007fff39748000 	C:\WINDOWS\System32\PSAPI.DLL
0x00007fff34390000 - 0x00007fff34399000 	C:\WINDOWS\SYSTEM32\WSOCK32.dll
0x00007fff38db0000 - 0x00007fff38e1b000 	C:\WINDOWS\System32\WS2_32.dll
0x00007fff35640000 - 0x00007fff3564a000 	C:\WINDOWS\SYSTEM32\VERSION.dll
0x00007fff1aac0000 - 0x00007fff1aae7000 	C:\WINDOWS\SYSTEM32\WINMM.dll
0x00007fff35a40000 - 0x00007fff35a52000 	C:\WINDOWS\SYSTEM32\kernel.appcore.dll
0x00007fff0e2e0000 - 0x00007fff0e2f1000 	C:\Program Files\OpenJDK\openjdk-11.0.15_10\bin\verify.dll
0x00007fff34480000 - 0x00007fff34664000 	C:\WINDOWS\SYSTEM32\DBGHELP.DLL
0x00007fff2d6c0000 - 0x00007fff2d6ec000 	C:\WINDOWS\SYSTEM32\dbgcore.DLL
0x00007fff37060000 - 0x00007fff370e2000 	C:\WINDOWS\System32\bcryptPrimitives.dll
0x00007fff0d710000 - 0x00007fff0d739000 	C:\Program Files\OpenJDK\openjdk-11.0.15_10\bin\java.dll
0x00007fff31460000 - 0x00007fff3146a000 	C:\Program Files\OpenJDK\openjdk-11.0.15_10\bin\jimage.dll
0x00007fff0d760000 - 0x00007fff0d778000 	C:\Program Files\OpenJDK\openjdk-11.0.15_10\bin\zip.dll

dbghelp: loaded successfully - version: 4.0.5 - missing functions: none
symbol engine: initialized successfully - sym options: 0x614 - pdb path: .;C:\Program Files\OpenJDK\openjdk-11.0.15_10\bin;C:\WINDOWS\SYSTEM32;C:\WINDOWS\WinSxS\amd64_microsoft.windows.common-controls_6595b64144ccf1df_6.0.19041.1110_none_60b5254171f9507e;C:\Program Files\OpenJDK\openjdk-11.0.15_10\bin\server

VM Arguments:
jvm_args: -Xmx64m -Xms64m -Dorg.gradle.appname=gradlew 
java_command: org.gradle.wrapper.GradleWrapperMain app:installDebug -PreactNativeDevServerPort=8081
java_class_path (initial): C:\Users\worki\Desktop\FinalProject\FurniAR\android\\gradle\wrapper\gradle-wrapper.jar
Launcher Type: SUN_STANDARD

[Global flags]
     intx CICompilerCount                          = 4                                         {product} {ergonomic}
     uint ConcGCThreads                            = 2                                         {product} {ergonomic}
     uint G1ConcRefinementThreads                  = 8                                         {product} {ergonomic}
   size_t G1HeapRegionSize                         = 1048576                                   {product} {ergonomic}
    uintx GCDrainStackTargetSize                   = 64                                        {product} {ergonomic}
   size_t InitialHeapSize                          = 67108864                                  {product} {command line}
   size_t MarkStackSize                            = 4194304                                   {product} {ergonomic}
   size_t MaxHeapSize                              = 67108864                                  {product} {command line}
   size_t MinHeapDeltaBytes                        = 1048576                                   {product} {ergonomic}
    uintx NonNMethodCodeHeapSize                   = 5836300                                {pd product} {ergonomic}
    uintx NonProfiledCodeHeapSize                  = 122910970                              {pd product} {ergonomic}
    uintx ProfiledCodeHeapSize                     = 122910970                              {pd product} {ergonomic}
    uintx ReservedCodeCacheSize                    = 251658240                              {pd product} {ergonomic}
     bool SegmentedCodeCache                       = true                                      {product} {ergonomic}
     bool UseCompressedClassPointers               = true                                 {lp64_product} {ergonomic}
     bool UseCompressedOops                        = true                                 {lp64_product} {ergonomic}
     bool UseG1GC                                  = true                                      {product} {ergonomic}
     bool UseLargePagesIndividualAllocation        = false                                  {pd product} {ergonomic}

Logging:
Log output configuration:
 #0: stdout all=warning uptime,level,tags
 #1: stderr all=off uptime,level,tags

Environment Variables:
JAVA_HOME=C:\Program Files\OpenJDK\openjdk-11.0.15_10
CLASSPATH=C:\Users\worki\Desktop\FinalProject\FurniAR\android\\gradle\wrapper\gradle-wrapper.jar
PATH=C:\Users\worki\Desktop\FinalProject\FurniAR\android\node_modules\.bin;C:\Users\worki\Desktop\FinalProject\FurniAR\node_modules\.bin;C:\Users\worki\Desktop\FinalProject\node_modules\.bin;C:\Users\worki\Desktop\node_modules\.bin;C:\Users\worki\node_modules\.bin;C:\Users\node_modules\.bin;C:\node_modules\.bin;C:\Program Files\nodejs;C:\Users\worki\AppData\Local\Temp\yarn--1658485534339-0.9799206135943486;C:\Users\worki\Desktop\FinalProject\FurniAR\node_modules\.bin;C:\Users\worki\AppData\Local\Yarn\Data\link\node_modules\.bin;C:\Users\worki\AppData\Roaming\npm\bin;C:\Program Files\libexec\lib\node_modules\npm\bin\node-gyp-bin;C:\Program Files\lib\node_modules\npm\bin\node-gyp-bin;C:\Program Files\nodejs\node_modules\npm\bin\node-gyp-bin;C:\Users\worki\Desktop\FinalProject\FurniAR\node_modules\.bin;C:\Users\worki\Desktop\FinalProject\node_modules\.bin;C:\Users\worki\Desktop\node_modules\.bin;C:\Users\worki\node_modules\.bin;C:\Users\node_modules\.bin;C:\node_modules\.bin;C:\Program Files\nodejs\node_modules\npm\node_modules\@npmcli\run-script\lib\node-gyp-bin;C:\Program Files\Common Files\Oracle\Java\javapath;C:\Program Files\Python39\Scripts\;C:\Program Files\Python39\;C:\WINDOWS\system32;C:\WINDOWS;C:\WINDOWS\System32\Wbem;C:\WINDOWS\System32\WindowsPowerShell\v1.0\;C:\WINDOWS\System32\OpenSSH\;C:\Program Files (x86)\Intel\Intel(R) Management Engine Components\DAL;C:\Program Files\Intel\Intel(R) Management Engine Components\DAL;C:\Program Files\dotnet\;C:\Program Files\Microsoft SQL Server\130\Tools\Binn\;C:\Program Files\Microsoft SQL Server\Client SDK\ODBC\170\Tools\Binn\;C:\Program Files\Java\jdk-14.0.2\bin;C:\Program Files\Microsoft SQL Server\120\DTS\Binn\;C:\Program Files\Microsoft SQL Server\Client SDK\ODBC\110\Tools\Binn\;C:\Program Files (x86)\Microsoft SQL Server\120\Tools\Binn\;C:\Program Files\Microsoft SQL Server\120\Tools\Binn\;C:\Program Files (x86)\Microsoft SQL Server\120\Tools\Binn\ManagementStudio\;C:\Program Files (x86)\Microsoft SQL Server\120\D
USERNAME=worki
LANG=en_US.UTF-8
OS=Windows_NT
PROCESSOR_IDENTIFIER=Intel64 Family 6 Model 158 Stepping 10, GenuineIntel



---------------  S Y S T E M  ---------------

OS: Windows 10 , 64 bit Build 19041 (10.0.19041.1806)
OS uptime: 7 days 1:35 hours

CPU:total 8 (initial active 8) (4 cores per cpu, 2 threads per core) family 6 model 158 stepping 10 microcode 0xb4, cmov, cx8, fxsr, mmx, sse, sse2, sse3, ssse3, sse4.1, sse4.2, popcnt, avx, avx2, aes, clmul, erms, 3dnowpref, lzcnt, ht, tsc, tscinvbit, bmi1, bmi2, adx, fma

Memory: 4k page, system-wide physical 8034M (1012M free)
TotalPageFile size 15202M (AvailPageFile size 30M)
current process WorkingSet (physical memory assigned to process): 9M, peak: 9M
current process commit charge ("private bytes"): 59M, peak: 123M

vm_info: OpenJDK 64-Bit Server VM (11.0.15+10) for windows-amd64 JRE (11.0.15+10), built on Apr 21 2022 21:29:46 by "tester" with MS VC++ 15.5 (VS2017)

END.
