#
# There is insufficient memory for the Java Runtime Environment to continue.
# Native memory allocation (malloc) failed to allocate 1048576 bytes for AllocateHeap
# Possible reasons:
#   The system is out of physical RAM or swap space
#   The process is running with CompressedOops enabled, and the Java Heap may be blocking the growth of the native heap
# Possible solutions:
#   Reduce memory load on the system
#   Increase physical memory or swap space
#   Check if swap backing store is full
#   Decrease Java heap size (-Xmx/-Xms)
#   Decrease number of Java threads
#   Decrease Java thread stack sizes (-Xss)
#   Set larger code cache with -XX:ReservedCodeCacheSize=
# This output file may be truncated or incomplete.
#
#  Out of Memory Error (./src/hotspot/share/memory/allocation.cpp:46), pid=13908, tid=4172
#
# JRE version:  (11.0.15+10) (build )
# Java VM: OpenJDK 64-Bit Server VM (11.0.15+10, mixed mode, sharing, tiered, compressed oops, g1 gc, windows-amd64)
# No core dump will be written. Minidumps are not enabled by default on client versions of Windows
#

---------------  S U M M A R Y ------------

Command Line: -Xmx64m -Xms64m -Dorg.gradle.appname=gradlew org.gradle.wrapper.GradleWrapperMain app:installDebug -PreactNativeDevServerPort=8081

Host: Intel(R) Core(TM) i5-8300H CPU @ 2.30GHz, 8 cores, 7G,  Windows 10 , 64 bit Build 19041 (10.0.19041.1741)
Time: Thu Jun 30 13:46:46 2022 SE Asia Standard Time elapsed time: 0.015202 seconds (0d 0h 0m 0s)

---------------  T H R E A D  ---------------

Current thread (0x00000200f865f000):  JavaThread "Unknown thread" [_thread_in_vm, id=4172, stack(0x0000009cca300000,0x0000009cca400000)]

Stack: [0x0000009cca300000,0x0000009cca400000]
Native frames: (J=compiled Java code, j=interpreted, Vv=VM code, C=native code)
V  [jvm.dll+0x64dd3a]
V  [jvm.dll+0x7906c9]
V  [jvm.dll+0x791d9c]
V  [jvm.dll+0x792463]
V  [jvm.dll+0x265048]
V  [jvm.dll+0xc1054]
V  [jvm.dll+0x3031b2]
V  [jvm.dll+0x2fcff9]
V  [jvm.dll+0x769e77]
V  [jvm.dll+0x76b63f]
V  [jvm.dll+0x3819c9]
V  [jvm.dll+0x74c60e]
V  [jvm.dll+0x3f489d]
V  [jvm.dll+0x3f6ab1]
C  [jli.dll+0x51c7]
C  [ucrtbase.dll+0x21bb2]
C  [KERNEL32.DLL+0x17034]
C  [ntdll.dll+0x52651]


---------------  P R O C E S S  ---------------

Threads class SMR info:
_java_thread_list=0x00000200f6443ae0, length=0, elements={
}

Java Threads: ( => current thread )

Other Threads:
  0x00000200f8676000 GCTaskThread "GC Thread#0" [stack: 0x0000009cca400000,0x0000009cca500000] [id=22044]

[error occurred during error reporting (printing all threads), id 0xc0000005, EXCEPTION_ACCESS_VIOLATION (0xc0000005) at pc=0x00007ffadd2889e0]

VM state:not at safepoint (not fully initialized)

VM Mutex/Monitor currently owned by a thread:  ([mutex/lock_event])
[0x00000200f865bf60] Heap_lock - owner thread: 0x00000200f865f000

Heap address: 0x00000000fc000000, size: 64 MB, Compressed Oops mode: Non-zero based: 0x00000000fc000000
Narrow klass base: 0x0000000000000000, Narrow klass shift: 0

GC Heap History (0 events):
No events

Deoptimization events (0 events):
No events

Classes redefined (0 events):
No events

Internal exceptions (0 events):
No events

Events (1 events):
Event: 0.007 Loaded shared library C:\Program Files\OpenJDK\openjdk-11.0.15_10\bin\zip.dll


Dynamic libraries:
0x00007ff645850000 - 0x00007ff64585d000 	C:\Program Files\OpenJDK\openjdk-11.0.15_10\bin\java.exe
0x00007ffb56cd0000 - 0x00007ffb56ec7000 	C:\WINDOWS\SYSTEM32\ntdll.dll
0x00007ffb56370000 - 0x00007ffb5642d000 	C:\WINDOWS\System32\KERNEL32.DLL
0x00007ffb546a0000 - 0x00007ffb5496d000 	C:\WINDOWS\System32\KERNELBASE.dll
0x00007ffb54970000 - 0x00007ffb54a70000 	C:\WINDOWS\System32\ucrtbase.dll
0x00007ffb516a0000 - 0x00007ffb516b6000 	C:\Program Files\OpenJDK\openjdk-11.0.15_10\bin\VCRUNTIME140.dll
0x00007ffb51660000 - 0x00007ffb51678000 	C:\Program Files\OpenJDK\openjdk-11.0.15_10\bin\jli.dll
0x00007ffb55bc0000 - 0x00007ffb55d60000 	C:\WINDOWS\System32\USER32.dll
0x00007ffb43480000 - 0x00007ffb4371a000 	C:\WINDOWS\WinSxS\amd64_microsoft.windows.common-controls_6595b64144ccf1df_6.0.19041.1110_none_60b5254171f9507e\COMCTL32.dll
0x00007ffb54420000 - 0x00007ffb54442000 	C:\WINDOWS\System32\win32u.dll
0x00007ffb55630000 - 0x00007ffb5565a000 	C:\WINDOWS\System32\GDI32.dll
0x00007ffb54a70000 - 0x00007ffb54b7b000 	C:\WINDOWS\System32\gdi32full.dll
0x00007ffb54570000 - 0x00007ffb5460d000 	C:\WINDOWS\System32\msvcp_win.dll
0x00007ffb55950000 - 0x00007ffb559ee000 	C:\WINDOWS\System32\msvcrt.dll
0x00007ffb55fd0000 - 0x00007ffb56000000 	C:\WINDOWS\System32\IMM32.DLL
0x00007ffb3a880000 - 0x00007ffb3a92a000 	C:\Program Files\OpenJDK\openjdk-11.0.15_10\bin\msvcp140.dll
0x00007ffadcf80000 - 0x00007ffaddad1000 	C:\Program Files\OpenJDK\openjdk-11.0.15_10\bin\server\jvm.dll
0x00007ffb55660000 - 0x00007ffb5570e000 	C:\WINDOWS\System32\ADVAPI32.dll
0x00007ffb55b20000 - 0x00007ffb55bbc000 	C:\WINDOWS\System32\sechost.dll
0x00007ffb55480000 - 0x00007ffb555a5000 	C:\WINDOWS\System32\RPCRT4.dll
0x00007ffb55d60000 - 0x00007ffb55d68000 	C:\WINDOWS\System32\PSAPI.DLL
0x00007ffb521f0000 - 0x00007ffb521f9000 	C:\WINDOWS\SYSTEM32\WSOCK32.dll
0x00007ffb456d0000 - 0x00007ffb456f7000 	C:\WINDOWS\SYSTEM32\WINMM.dll
0x00007ffb523d0000 - 0x00007ffb523da000 	C:\WINDOWS\SYSTEM32\VERSION.dll
0x00007ffb55e20000 - 0x00007ffb55e8b000 	C:\WINDOWS\System32\WS2_32.dll
0x00007ffb524d0000 - 0x00007ffb524e2000 	C:\WINDOWS\SYSTEM32\kernel.appcore.dll
0x00007ffb51640000 - 0x00007ffb51651000 	C:\Program Files\OpenJDK\openjdk-11.0.15_10\bin\verify.dll
0x00007ffb516e0000 - 0x00007ffb518c4000 	C:\WINDOWS\SYSTEM32\DBGHELP.DLL
0x00007ffb4f000000 - 0x00007ffb4f02c000 	C:\WINDOWS\SYSTEM32\dbgcore.DLL
0x00007ffb54610000 - 0x00007ffb54692000 	C:\WINDOWS\System32\bcryptPrimitives.dll
0x00007ffb43060000 - 0x00007ffb43089000 	C:\Program Files\OpenJDK\openjdk-11.0.15_10\bin\java.dll
0x00007ffb51a20000 - 0x00007ffb51a2a000 	C:\Program Files\OpenJDK\openjdk-11.0.15_10\bin\jimage.dll
0x00007ffb51600000 - 0x00007ffb51618000 	C:\Program Files\OpenJDK\openjdk-11.0.15_10\bin\zip.dll

dbghelp: loaded successfully - version: 4.0.5 - missing functions: none
symbol engine: initialized successfully - sym options: 0x614 - pdb path: .;C:\Program Files\OpenJDK\openjdk-11.0.15_10\bin;C:\WINDOWS\SYSTEM32;C:\WINDOWS\WinSxS\amd64_microsoft.windows.common-controls_6595b64144ccf1df_6.0.19041.1110_none_60b5254171f9507e;C:\Program Files\OpenJDK\openjdk-11.0.15_10\bin\server

VM Arguments:
jvm_args: -Xmx64m -Xms64m -Dorg.gradle.appname=gradlew 
java_command: org.gradle.wrapper.GradleWrapperMain app:installDebug -PreactNativeDevServerPort=8081
java_class_path (initial): C:\Users\worki\Desktop\FinalProject\FurniAR\android\\gradle\wrapper\gradle-wrapper.jar
Launcher Type: SUN_STANDARD

[Global flags]
     intx CICompilerCount                          = 4                                         {product} {ergonomic}
     uint ConcGCThreads                            = 2                                         {product} {ergonomic}
     uint G1ConcRefinementThreads                  = 8                                         {product} {ergonomic}
   size_t G1HeapRegionSize                         = 1048576                                   {product} {ergonomic}
    uintx GCDrainStackTargetSize                   = 64                                        {product} {ergonomic}
   size_t InitialHeapSize                          = 67108864                                  {product} {command line}
   size_t MarkStackSize                            = 4194304                                   {product} {ergonomic}
   size_t MaxHeapSize                              = 67108864                                  {product} {command line}
   size_t MinHeapDeltaBytes                        = 1048576                                   {product} {ergonomic}
    uintx NonNMethodCodeHeapSize                   = 5836300                                {pd product} {ergonomic}
    uintx NonProfiledCodeHeapSize                  = 122910970                              {pd product} {ergonomic}
    uintx ProfiledCodeHeapSize                     = 122910970                              {pd product} {ergonomic}
    uintx ReservedCodeCacheSize                    = 251658240                              {pd product} {ergonomic}
     bool SegmentedCodeCache                       = true                                      {product} {ergonomic}
     bool UseCompressedClassPointers               = true                                 {lp64_product} {ergonomic}
     bool UseCompressedOops                        = true                                 {lp64_product} {ergonomic}
     bool UseG1GC                                  = true                                      {product} {ergonomic}
     bool UseLargePagesIndividualAllocation        = false                                  {pd product} {ergonomic}

Logging:
Log output configuration:
 #0: stdout all=warning uptime,level,tags
 #1: stderr all=off uptime,level,tags

Environment Variables:
JAVA_HOME=C:\Program Files\OpenJDK\openjdk-11.0.15_10
CLASSPATH=C:\Users\worki\Desktop\FinalProject\FurniAR\android\\gradle\wrapper\gradle-wrapper.jar
PATH=C:\Users\worki\Desktop\FinalProject\FurniAR\android\node_modules\.bin;C:\Users\worki\Desktop\FinalProject\FurniAR\node_modules\.bin;C:\Users\worki\Desktop\FinalProject\node_modules\.bin;C:\Users\worki\Desktop\node_modules\.bin;C:\Users\worki\node_modules\.bin;C:\Users\node_modules\.bin;C:\node_modules\.bin;C:\Program Files\nodejs;C:\Users\worki\Desktop\FinalProject\FurniAR\node_modules\.bin;C:\Users\worki\Desktop\FinalProject\node_modules\.bin;C:\Users\worki\Desktop\node_modules\.bin;C:\Users\worki\node_modules\.bin;C:\Users\node_modules\.bin;C:\node_modules\.bin;C:\Program Files\nodejs\node_modules\npm\node_modules\@npmcli\run-script\lib\node-gyp-bin;C:\Program Files\Common Files\Oracle\Java\javapath;C:\Program Files\Python39\Scripts\;C:\Program Files\Python39\;C:\WINDOWS\system32;C:\WINDOWS;C:\WINDOWS\System32\Wbem;C:\WINDOWS\System32\WindowsPowerShell\v1.0\;C:\WINDOWS\System32\OpenSSH\;C:\Program Files (x86)\Intel\Intel(R) Management Engine Components\DAL;C:\Program Files\Intel\Intel(R) Management Engine Components\DAL;C:\Program Files\dotnet\;C:\Program Files\Microsoft SQL Server\130\Tools\Binn\;C:\Program Files\Microsoft SQL Server\Client SDK\ODBC\170\Tools\Binn\;C:\Program Files\Java\jdk-14.0.2\bin;C:\Program Files\Microsoft SQL Server\120\DTS\Binn\;C:\Program Files\Microsoft SQL Server\Client SDK\ODBC\110\Tools\Binn\;C:\Program Files (x86)\Microsoft SQL Server\120\Tools\Binn\;C:\Program Files\Microsoft SQL Server\120\Tools\Binn\;C:\Program Files (x86)\Microsoft SQL Server\120\Tools\Binn\ManagementStudio\;C:\Program Files (x86)\Microsoft SQL Server\120\DTS\Binn\;C:\Users\PC\AppData\Roaming\Python\Python39\Scripts;C:\ProgramData\chocolatey\bin;C:\Program Files\Java\jdk1.8.0_211\bin;C:\Redis\;C:\Program Files\Git\cmd;C:\Program Files\Microsoft SQL Server\150\Tools\Binn\;C:\Program Files (x86)\Microsoft SQL Server\150\Tools\Binn\;C:\Program Files\Microsoft SQL Server\150\DTS\Binn\;C:\Program Files (x86)\Microsoft SQL Server\150\DTS\Binn\;C:\Program Files\Azure 
USERNAME=worki
OS=Windows_NT
PROCESSOR_IDENTIFIER=Intel64 Family 6 Model 158 Stepping 10, GenuineIntel



---------------  S Y S T E M  ---------------

OS: Windows 10 , 64 bit Build 19041 (10.0.19041.1741)
OS uptime: 1 days 4:16 hours

CPU:total 8 (initial active 8) (4 cores per cpu, 2 threads per core) family 6 model 158 stepping 10 microcode 0xb4, cmov, cx8, fxsr, mmx, sse, sse2, sse3, ssse3, sse4.1, sse4.2, popcnt, avx, avx2, aes, clmul, erms, 3dnowpref, lzcnt, ht, tsc, tscinvbit, bmi1, bmi2, adx, fma

Memory: 4k page, system-wide physical 8034M (1998M free)
TotalPageFile size 15202M (AvailPageFile size 5M)
current process WorkingSet (physical memory assigned to process): 9M, peak: 9M
current process commit charge ("private bytes"): 54M, peak: 55M

vm_info: OpenJDK 64-Bit Server VM (11.0.15+10) for windows-amd64 JRE (11.0.15+10), built on Apr 21 2022 21:29:46 by "tester" with MS VC++ 15.5 (VS2017)

END.
