#
# There is insufficient memory for the Java Runtime Environment to continue.
# Native memory allocation (malloc) failed to allocate 33056 bytes for Chunk::new
# Possible reasons:
#   The system is out of physical RAM or swap space
#   The process is running with CompressedOops enabled, and the Java Heap may be blocking the growth of the native heap
# Possible solutions:
#   Reduce memory load on the system
#   Increase physical memory or swap space
#   Check if swap backing store is full
#   Decrease Java heap size (-Xmx/-Xms)
#   Decrease number of Java threads
#   Decrease Java thread stack sizes (-Xss)
#   Set larger code cache with -XX:ReservedCodeCacheSize=
#   JVM is running with Unscaled Compressed Oops mode in which the Java heap is
#     placed in the first 4GB address space. The Java Heap base address is the
#     maximum limit for the native heap growth. Please use -XX:HeapBaseMinAddress
#     to set the Java Heap base and to place the Java Heap above 4GB virtual address.
# This output file may be truncated or incomplete.
#
#  Out of Memory Error (./src/hotspot/share/memory/arena.cpp:197), pid=6824, tid=22368
#
# JRE version: OpenJDK Runtime Environment 18.9 (11.0.15+10) (build 11.0.15+10)
# Java VM: OpenJDK 64-Bit Server VM 18.9 (11.0.15+10, mixed mode, tiered, compressed oops, g1 gc, windows-amd64)
# No core dump will be written. Minidumps are not enabled by default on client versions of Windows
#

---------------  S U M M A R Y ------------

Command Line: -Xmx64m -Xms64m -Dorg.gradle.appname=gradlew org.gradle.wrapper.GradleWrapperMain app:installDebug -PreactNativeDevServerPort=8081

Host: Intel(R) Core(TM) i5-8300H CPU @ 2.30GHz, 8 cores, 7G,  Windows 10 , 64 bit Build 19041 (10.0.19041.1741)
Time: Thu Jun 30 13:55:09 2022 SE Asia Standard Time elapsed time: 0.526848 seconds (0d 0h 0m 0s)

---------------  T H R E A D  ---------------

Current thread (0x000002535d23a800):  JavaThread "C2 CompilerThread2" daemon [_thread_in_native, id=22368, stack(0x0000008382e00000,0x0000008382f00000)]


Current CompileTask:
C2:    526  626       4       java.lang.StringCoding::hasNegatives (25 bytes)

Stack: [0x0000008382e00000,0x0000008382f00000]
Native frames: (J=compiled Java code, j=interpreted, Vv=VM code, C=native code)
V  [jvm.dll+0x64dd3a]
V  [jvm.dll+0x7906c9]
V  [jvm.dll+0x791d9c]
V  [jvm.dll+0x792463]
V  [jvm.dll+0x265048]
V  [jvm.dll+0xc9da1]
V  [jvm.dll+0xca35c]
V  [jvm.dll+0x2d81f4]
V  [jvm.dll+0x55a6c6]
V  [jvm.dll+0x226553]
V  [jvm.dll+0x22012a]
V  [jvm.dll+0x21d138]
V  [jvm.dll+0x19dd21]
V  [jvm.dll+0x22cc80]
V  [jvm.dll+0x22af81]
V  [jvm.dll+0x75254c]
V  [jvm.dll+0x74b12d]
V  [jvm.dll+0x64c8a6]
C  [ucrtbase.dll+0x21bb2]
C  [KERNEL32.DLL+0x17034]
C  [ntdll.dll+0x52651]


---------------  P R O C E S S  ---------------

Threads class SMR info:
_java_thread_list=0x000002535d23b390, length=12, elements={
0x000002533fe12800, 0x000002535cc08000, 0x000002535cc09000, 0x000002535cc69000,
0x000002535cc6b800, 0x000002535cc6c800, 0x000002535cc6f800, 0x000002535cc77000,
0x000002535cc80800, 0x000002535cf1e800, 0x000002535d2b5000, 0x000002535d23a800
}

Java Threads: ( => current thread )
  0x000002533fe12800 JavaThread "main" [_thread_in_vm, id=8096, stack(0x0000008381c00000,0x0000008381d00000)]
  0x000002535cc08000 JavaThread "Reference Handler" daemon [_thread_blocked, id=13740, stack(0x0000008382300000,0x0000008382400000)]
  0x000002535cc09000 JavaThread "Finalizer" daemon [_thread_blocked, id=20032, stack(0x0000008382400000,0x0000008382500000)]
  0x000002535cc69000 JavaThread "Signal Dispatcher" daemon [_thread_blocked, id=7100, stack(0x0000008382500000,0x0000008382600000)]
  0x000002535cc6b800 JavaThread "Attach Listener" daemon [_thread_blocked, id=14560, stack(0x0000008382600000,0x0000008382700000)]
  0x000002535cc6c800 JavaThread "Service Thread" daemon [_thread_blocked, id=13280, stack(0x0000008382700000,0x0000008382800000)]
  0x000002535cc6f800 JavaThread "C2 CompilerThread0" daemon [_thread_blocked, id=15172, stack(0x0000008382800000,0x0000008382900000)]
  0x000002535cc77000 JavaThread "C1 CompilerThread0" daemon [_thread_blocked, id=14788, stack(0x0000008382900000,0x0000008382a00000)]
  0x000002535cc80800 JavaThread "Sweeper thread" daemon [_thread_blocked, id=16744, stack(0x0000008382a00000,0x0000008382b00000)]
  0x000002535cf1e800 JavaThread "Common-Cleaner" daemon [_thread_blocked, id=10940, stack(0x0000008382c00000,0x0000008382d00000)]
  0x000002535d2b5000 JavaThread "C2 CompilerThread1" daemon [_thread_in_native, id=10060, stack(0x0000008382d00000,0x0000008382e00000)]
=>0x000002535d23a800 JavaThread "C2 CompilerThread2" daemon [_thread_in_native, id=22368, stack(0x0000008382e00000,0x0000008382f00000)]

Other Threads:
  0x000002535cbe6000 VMThread "VM Thread" [stack: 0x0000008382200000,0x0000008382300000] [id=16952]
  0x000002535cf16800 WatcherThread [stack: 0x0000008382b00000,0x0000008382c00000] [id=21840]
  0x000002533fe28000 GCTaskThread "GC Thread#0" [stack: 0x0000008381d00000,0x0000008381e00000] [id=12780]
  0x000002533fe2f000 ConcurrentGCThread "G1 Main Marker" [stack: 0x0000008381e00000,0x0000008381f00000] [id=9700]
  0x000002533fe30000 ConcurrentGCThread "G1 Conc#0" [stack: 0x0000008381f00000,0x0000008382000000] [id=21648]
  0x000002533fe97000 ConcurrentGCThread "G1 Refine#0" [stack: 0x0000008382000000,0x0000008382100000] [id=20188]
  0x000002533fe98000 ConcurrentGCThread "G1 Young RemSet Sampling" [stack: 0x0000008382100000,0x0000008382200000] [id=8880]

Threads with active compile tasks:
C2 CompilerThread1      541  635       4       java.util.zip.ZipFile$Source::getEntryPos (206 bytes)
C2 CompilerThread2      541  626       4       java.lang.StringCoding::hasNegatives (25 bytes)

VM state:not at safepoint (normal execution)

VM Mutex/Monitor currently owned by a thread: None

OutOfMemory and StackOverflow Exception counts:
OutOfMemoryError java_heap_errors=5
LinkageErrors=3

Heap address: 0x00000000fc000000, size: 64 MB, Compressed Oops mode: 32-bit
Narrow klass base: 0x0000000000000000, Narrow klass shift: 3
Compressed class space size: 1073741824 Address: 0x0000000100000000

Heap:
 garbage-first heap   total 65536K, used 16384K [0x00000000fc000000, 0x0000000100000000)
  region size 1024K, 15 young (15360K), 0 survivors (0K)
 Metaspace       used 7973K, capacity 8113K, committed 8320K, reserved 1056768K
  class space    used 713K, capacity 786K, committed 896K, reserved 1048576K
Heap Regions: E=young(eden), S=young(survivor), O=old, HS=humongous(starts), HC=humongous(continues), CS=collection set, F=free, A=archive, TAMS=top-at-mark-start (previous, next)
|   0|0x00000000fc000000, 0x00000000fc100000, 0x00000000fc100000|100%|HS|  |TAMS 0x00000000fc000000, 0x00000000fc000000| Complete 
|   1|0x00000000fc100000, 0x00000000fc200000, 0x00000000fc200000|100%|HC|  |TAMS 0x00000000fc100000, 0x00000000fc100000| Complete 
|   2|0x00000000fc200000, 0x00000000fc300000, 0x00000000fc300000|100%|HC|  |TAMS 0x00000000fc200000, 0x00000000fc200000| Complete 
|   3|0x00000000fc300000, 0x00000000fc300000, 0x00000000fc400000|  0%| F|  |TAMS 0x00000000fc300000, 0x00000000fc300000| Untracked 
|   4|0x00000000fc400000, 0x00000000fc400000, 0x00000000fc500000|  0%| F|  |TAMS 0x00000000fc400000, 0x00000000fc400000| Untracked 
|   5|0x00000000fc500000, 0x00000000fc500000, 0x00000000fc600000|  0%| F|  |TAMS 0x00000000fc500000, 0x00000000fc500000| Untracked 
|   6|0x00000000fc600000, 0x00000000fc600000, 0x00000000fc700000|  0%| F|  |TAMS 0x00000000fc600000, 0x00000000fc600000| Untracked 
|   7|0x00000000fc700000, 0x00000000fc700000, 0x00000000fc800000|  0%| F|  |TAMS 0x00000000fc700000, 0x00000000fc700000| Untracked 
|   8|0x00000000fc800000, 0x00000000fc800000, 0x00000000fc900000|  0%| F|  |TAMS 0x00000000fc800000, 0x00000000fc800000| Untracked 
|   9|0x00000000fc900000, 0x00000000fc900000, 0x00000000fca00000|  0%| F|  |TAMS 0x00000000fc900000, 0x00000000fc900000| Untracked 
|  10|0x00000000fca00000, 0x00000000fca00000, 0x00000000fcb00000|  0%| F|  |TAMS 0x00000000fca00000, 0x00000000fca00000| Untracked 
|  11|0x00000000fcb00000, 0x00000000fcb00000, 0x00000000fcc00000|  0%| F|  |TAMS 0x00000000fcb00000, 0x00000000fcb00000| Untracked 
|  12|0x00000000fcc00000, 0x00000000fcc00000, 0x00000000fcd00000|  0%| F|  |TAMS 0x00000000fcc00000, 0x00000000fcc00000| Untracked 
|  13|0x00000000fcd00000, 0x00000000fcd00000, 0x00000000fce00000|  0%| F|  |TAMS 0x00000000fcd00000, 0x00000000fcd00000| Untracked 
|  14|0x00000000fce00000, 0x00000000fce00000, 0x00000000fcf00000|  0%| F|  |TAMS 0x00000000fce00000, 0x00000000fce00000| Untracked 
|  15|0x00000000fcf00000, 0x00000000fcf00000, 0x00000000fd000000|  0%| F|  |TAMS 0x00000000fcf00000, 0x00000000fcf00000| Untracked 
|  16|0x00000000fd000000, 0x00000000fd000000, 0x00000000fd100000|  0%| F|  |TAMS 0x00000000fd000000, 0x00000000fd000000| Untracked 
|  17|0x00000000fd100000, 0x00000000fd100000, 0x00000000fd200000|  0%| F|  |TAMS 0x00000000fd100000, 0x00000000fd100000| Untracked 
|  18|0x00000000fd200000, 0x00000000fd200000, 0x00000000fd300000|  0%| F|  |TAMS 0x00000000fd200000, 0x00000000fd200000| Untracked 
|  19|0x00000000fd300000, 0x00000000fd300000, 0x00000000fd400000|  0%| F|  |TAMS 0x00000000fd300000, 0x00000000fd300000| Untracked 
|  20|0x00000000fd400000, 0x00000000fd400000, 0x00000000fd500000|  0%| F|  |TAMS 0x00000000fd400000, 0x00000000fd400000| Untracked 
|  21|0x00000000fd500000, 0x00000000fd500000, 0x00000000fd600000|  0%| F|  |TAMS 0x00000000fd500000, 0x00000000fd500000| Untracked 
|  22|0x00000000fd600000, 0x00000000fd600000, 0x00000000fd700000|  0%| F|  |TAMS 0x00000000fd600000, 0x00000000fd600000| Untracked 
|  23|0x00000000fd700000, 0x00000000fd700000, 0x00000000fd800000|  0%| F|  |TAMS 0x00000000fd700000, 0x00000000fd700000| Untracked 
|  24|0x00000000fd800000, 0x00000000fd800000, 0x00000000fd900000|  0%| F|  |TAMS 0x00000000fd800000, 0x00000000fd800000| Untracked 
|  25|0x00000000fd900000, 0x00000000fd900000, 0x00000000fda00000|  0%| F|  |TAMS 0x00000000fd900000, 0x00000000fd900000| Untracked 
|  26|0x00000000fda00000, 0x00000000fda00000, 0x00000000fdb00000|  0%| F|  |TAMS 0x00000000fda00000, 0x00000000fda00000| Untracked 
|  27|0x00000000fdb00000, 0x00000000fdb00000, 0x00000000fdc00000|  0%| F|  |TAMS 0x00000000fdb00000, 0x00000000fdb00000| Untracked 
|  28|0x00000000fdc00000, 0x00000000fdc00000, 0x00000000fdd00000|  0%| F|  |TAMS 0x00000000fdc00000, 0x00000000fdc00000| Untracked 
|  29|0x00000000fdd00000, 0x00000000fdd00000, 0x00000000fde00000|  0%| F|  |TAMS 0x00000000fdd00000, 0x00000000fdd00000| Untracked 
|  30|0x00000000fde00000, 0x00000000fde00000, 0x00000000fdf00000|  0%| F|  |TAMS 0x00000000fde00000, 0x00000000fde00000| Untracked 
|  31|0x00000000fdf00000, 0x00000000fdf00000, 0x00000000fe000000|  0%| F|  |TAMS 0x00000000fdf00000, 0x00000000fdf00000| Untracked 
|  32|0x00000000fe000000, 0x00000000fe000000, 0x00000000fe100000|  0%| F|  |TAMS 0x00000000fe000000, 0x00000000fe000000| Untracked 
|  33|0x00000000fe100000, 0x00000000fe100000, 0x00000000fe200000|  0%| F|  |TAMS 0x00000000fe100000, 0x00000000fe100000| Untracked 
|  34|0x00000000fe200000, 0x00000000fe200000, 0x00000000fe300000|  0%| F|  |TAMS 0x00000000fe200000, 0x00000000fe200000| Untracked 
|  35|0x00000000fe300000, 0x00000000fe300000, 0x00000000fe400000|  0%| F|  |TAMS 0x00000000fe300000, 0x00000000fe300000| Untracked 
|  36|0x00000000fe400000, 0x00000000fe400000, 0x00000000fe500000|  0%| F|  |TAMS 0x00000000fe400000, 0x00000000fe400000| Untracked 
|  37|0x00000000fe500000, 0x00000000fe500000, 0x00000000fe600000|  0%| F|  |TAMS 0x00000000fe500000, 0x00000000fe500000| Untracked 
|  38|0x00000000fe600000, 0x00000000fe600000, 0x00000000fe700000|  0%| F|  |TAMS 0x00000000fe600000, 0x00000000fe600000| Untracked 
|  39|0x00000000fe700000, 0x00000000fe700000, 0x00000000fe800000|  0%| F|  |TAMS 0x00000000fe700000, 0x00000000fe700000| Untracked 
|  40|0x00000000fe800000, 0x00000000fe800000, 0x00000000fe900000|  0%| F|  |TAMS 0x00000000fe800000, 0x00000000fe800000| Untracked 
|  41|0x00000000fe900000, 0x00000000fe900000, 0x00000000fea00000|  0%| F|  |TAMS 0x00000000fe900000, 0x00000000fe900000| Untracked 
|  42|0x00000000fea00000, 0x00000000fea00000, 0x00000000feb00000|  0%| F|  |TAMS 0x00000000fea00000, 0x00000000fea00000| Untracked 
|  43|0x00000000feb00000, 0x00000000feb00000, 0x00000000fec00000|  0%| F|  |TAMS 0x00000000feb00000, 0x00000000feb00000| Untracked 
|  44|0x00000000fec00000, 0x00000000fec00000, 0x00000000fed00000|  0%| F|  |TAMS 0x00000000fec00000, 0x00000000fec00000| Untracked 
|  45|0x00000000fed00000, 0x00000000fed00000, 0x00000000fee00000|  0%| F|  |TAMS 0x00000000fed00000, 0x00000000fed00000| Untracked 
|  46|0x00000000fee00000, 0x00000000fee00000, 0x00000000fef00000|  0%| F|  |TAMS 0x00000000fee00000, 0x00000000fee00000| Untracked 
|  47|0x00000000fef00000, 0x00000000fef00000, 0x00000000ff000000|  0%| F|  |TAMS 0x00000000fef00000, 0x00000000fef00000| Untracked 
|  48|0x00000000ff000000, 0x00000000ff000000, 0x00000000ff100000|  0%| F|  |TAMS 0x00000000ff000000, 0x00000000ff000000| Untracked 
|  49|0x00000000ff100000, 0x00000000ff17bce0, 0x00000000ff200000| 48%| E|  |TAMS 0x00000000ff100000, 0x00000000ff100000| Complete 
|  50|0x00000000ff200000, 0x00000000ff300000, 0x00000000ff300000|100%| E|CS|TAMS 0x00000000ff200000, 0x00000000ff200000| Complete 
|  51|0x00000000ff300000, 0x00000000ff400000, 0x00000000ff400000|100%| E|CS|TAMS 0x00000000ff300000, 0x00000000ff300000| Complete 
|  52|0x00000000ff400000, 0x00000000ff500000, 0x00000000ff500000|100%| E|CS|TAMS 0x00000000ff400000, 0x00000000ff400000| Complete 
|  53|0x00000000ff500000, 0x00000000ff600000, 0x00000000ff600000|100%| E|CS|TAMS 0x00000000ff500000, 0x00000000ff500000| Complete 
|  54|0x00000000ff600000, 0x00000000ff700000, 0x00000000ff700000|100%| E|CS|TAMS 0x00000000ff600000, 0x00000000ff600000| Complete 
|  55|0x00000000ff700000, 0x00000000ff800000, 0x00000000ff800000|100%| E|  |TAMS 0x00000000ff700000, 0x00000000ff700000| Complete 
|  56|0x00000000ff800000, 0x00000000ff900000, 0x00000000ff900000|100%| E|CS|TAMS 0x00000000ff800000, 0x00000000ff800000| Complete 
|  57|0x00000000ff900000, 0x00000000ffa00000, 0x00000000ffa00000|100%| E|CS|TAMS 0x00000000ff900000, 0x00000000ff900000| Complete 
|  58|0x00000000ffa00000, 0x00000000ffb00000, 0x00000000ffb00000|100%| E|CS|TAMS 0x00000000ffa00000, 0x00000000ffa00000| Complete 
|  59|0x00000000ffb00000, 0x00000000ffc00000, 0x00000000ffc00000|100%| E|CS|TAMS 0x00000000ffb00000, 0x00000000ffb00000| Complete 
|  60|0x00000000ffc00000, 0x00000000ffd00000, 0x00000000ffd00000|100%| E|CS|TAMS 0x00000000ffc00000, 0x00000000ffc00000| Complete 
|  61|0x00000000ffd00000, 0x00000000ffe00000, 0x00000000ffe00000|100%| E|CS|TAMS 0x00000000ffd00000, 0x00000000ffd00000| Complete 
|  62|0x00000000ffe00000, 0x00000000fff00000, 0x00000000fff00000|100%| E|CS|TAMS 0x00000000ffe00000, 0x00000000ffe00000| Complete 
|  63|0x00000000fff00000, 0x0000000100000000, 0x0000000100000000|100%| E|CS|TAMS 0x00000000fff00000, 0x00000000fff00000| Complete 

Card table byte_map: [0x00000253597e0000,0x0000025359800000] _byte_map_base: 0x0000025359000000

Marking Bits (Prev, Next): (CMBitMap*) 0x000002533fe2dae8, (CMBitMap*) 0x000002533fe2db20
 Prev Bits: [0x0000025359820000, 0x0000025359920000)
 Next Bits: [0x0000025359920000, 0x0000025359a20000)

Polling page: 0x000002533fef0000

Metaspace:

Usage:
  Non-class:      7.16 MB capacity,     7.09 MB (>99%) used,    61.22 KB ( <1%) free+waste,     6.06 KB ( <1%) overhead. 
      Class:    786.00 KB capacity,   713.75 KB ( 91%) used,    69.38 KB (  9%) free+waste,     2.88 KB ( <1%) overhead. 
       Both:      7.92 MB capacity,     7.79 MB ( 98%) used,   130.59 KB (  2%) free+waste,     8.94 KB ( <1%) overhead. 

Virtual space:
  Non-class space:        8.00 MB reserved,       7.25 MB ( 91%) committed 
      Class space:        1.00 GB reserved,     896.00 KB ( <1%) committed 
             Both:        1.01 GB reserved,       8.13 MB ( <1%) committed 

Chunk freelists:
   Non-Class:  33.00 KB
       Class:  14.00 KB
        Both:  47.00 KB

MaxMetaspaceSize: 17179869184.00 GB
CompressedClassSpaceSize: 1.00 GB
Initial GC threshold: 20.80 MB
Current GC threshold: 20.80 MB
CDS: off

CodeHeap 'non-profiled nmethods': size=120000Kb used=204Kb max_used=204Kb free=119795Kb
 bounds [0x0000025351850000, 0x0000025351ac0000, 0x0000025358d80000]
CodeHeap 'profiled nmethods': size=120000Kb used=1190Kb max_used=1190Kb free=118809Kb
 bounds [0x000002534a320000, 0x000002534a590000, 0x0000025351850000]
CodeHeap 'non-nmethods': size=5760Kb used=1106Kb max_used=1136Kb free=4653Kb
 bounds [0x0000025349d80000, 0x0000025349ff0000, 0x000002534a320000]
 total_blobs=987 nmethods=634 adapters=266
 compilation: enabled
              stopped_count=0, restarted_count=0
 full_count=0

Compilation events (20 events):
Event: 0.404 Thread 0x000002535cc77000  619       3       java.lang.Runtime$Version::feature (17 bytes)
Event: 0.404 Thread 0x000002535cc77000 nmethod 619 0x000002534a439910 code [0x000002534a439ae0, 0x000002534a439da8]
Event: 0.406 Thread 0x000002535cc77000  620       3       java.util.zip.ZipFile$Source::initCEN (697 bytes)
Event: 0.410 Thread 0x000002535cc77000 nmethod 620 0x000002534a439e90 code [0x000002534a43a500, 0x000002534a43e068]
Event: 0.410 Thread 0x000002535cc77000  622       3       sun.nio.fs.NativeBuffers::getNativeBufferFromCache (51 bytes)
Event: 0.411 Thread 0x000002535cc77000 nmethod 622 0x000002534a43fa90 code [0x000002534a43fc80, 0x000002534a440268]
Event: 0.411 Thread 0x000002535cc77000  624       3       java.util.ArrayDeque::addLast (51 bytes)
Event: 0.411 Thread 0x000002535cc77000 nmethod 624 0x000002534a440410 code [0x000002534a440600, 0x000002534a440a98]
Event: 0.411 Thread 0x000002535cc77000  625       3       java.util.concurrent.TimeUnit::toMillis (69 bytes)
Event: 0.411 Thread 0x000002535cc77000 nmethod 625 0x000002534a440c10 code [0x000002534a440dc0, 0x000002534a441078]
Event: 0.411 Thread 0x000002535cc77000  621       1       sun.nio.fs.WindowsFileSystem::provider (5 bytes)
Event: 0.411 Thread 0x000002535cc77000 nmethod 621 0x0000025351882d10 code [0x0000025351882ec0, 0x0000025351882f78]
Event: 0.411 Thread 0x000002535cc77000  623       1       sun.nio.fs.NativeBuffer::owner (5 bytes)
Event: 0.411 Thread 0x000002535cc77000 nmethod 623 0x0000025351883010 code [0x00000253518831c0, 0x0000025351883278]
Event: 0.412 Thread 0x000002535d23a800  626       4       java.lang.StringCoding::hasNegatives (25 bytes)
Event: 0.412 Thread 0x000002535cc77000  627       3       jdk.internal.util.jar.JarIndex::get (49 bytes)
Event: 0.413 Thread 0x000002535cc77000 nmethod 627 0x000002534a441110 code [0x000002534a441360, 0x000002534a441c08]
Event: 0.413 Thread 0x000002535cc77000  628       3       java.util.ArrayDeque::poll (5 bytes)
Event: 0.413 Thread 0x000002535cc77000 nmethod 628 0x000002534a441f10 code [0x000002534a4420c0, 0x000002534a442208]
Event: 0.413 Thread 0x000002535cc77000  629   !   3       jdk.internal.loader.URLClassPath$JarLoader::getResource (353 bytes)

GC Heap History (0 events):
No events

Deoptimization events (20 events):
Event: 0.343 Thread 0x000002533fe12800 DEOPT PACKING pc=0x00000253518789dc sp=0x0000008381cfa6a0
Event: 0.343 Thread 0x000002533fe12800 DEOPT UNPACKING pc=0x0000025349dca1af sp=0x0000008381cfa5d8 mode 2
Event: 0.358 Thread 0x000002533fe12800 Uncommon trap: trap_request=0xffffffde fr.pc=0x0000025351878990 relative=0x0000000000000e70
Event: 0.358 Thread 0x000002533fe12800 Uncommon trap: reason=class_check action=maybe_recompile pc=0x0000025351878990 method=java.util.HashMap.putVal(ILjava/lang/Object;Ljava/lang/Object;ZZ)Ljava/lang/Object; @ 91 c2
Event: 0.358 Thread 0x000002533fe12800 DEOPT PACKING pc=0x0000025351878990 sp=0x0000008381cfa600
Event: 0.358 Thread 0x000002533fe12800 DEOPT UNPACKING pc=0x0000025349dca1af sp=0x0000008381cfa520 mode 2
Event: 0.359 Thread 0x000002533fe12800 Uncommon trap: trap_request=0xffffffde fr.pc=0x00000253518789dc relative=0x0000000000000ebc
Event: 0.359 Thread 0x000002533fe12800 Uncommon trap: reason=class_check action=maybe_recompile pc=0x00000253518789dc method=java.util.HashMap.putVal(ILjava/lang/Object;Ljava/lang/Object;ZZ)Ljava/lang/Object; @ 203 c2
Event: 0.359 Thread 0x000002533fe12800 DEOPT PACKING pc=0x00000253518789dc sp=0x0000008381cfa600
Event: 0.359 Thread 0x000002533fe12800 DEOPT UNPACKING pc=0x0000025349dca1af sp=0x0000008381cfa520 mode 2
Event: 0.361 Thread 0x000002533fe12800 DEOPT PACKING pc=0x000002534a3728e8 sp=0x0000008381cfa6c0
Event: 0.361 Thread 0x000002533fe12800 DEOPT UNPACKING pc=0x0000025349dca95e sp=0x0000008381cf9b90 mode 0
Event: 0.385 Thread 0x000002533fe12800 Uncommon trap: trap_request=0xffffffde fr.pc=0x0000025351878990 relative=0x0000000000000e70
Event: 0.385 Thread 0x000002533fe12800 Uncommon trap: reason=class_check action=maybe_recompile pc=0x0000025351878990 method=java.util.HashMap.putVal(ILjava/lang/Object;Ljava/lang/Object;ZZ)Ljava/lang/Object; @ 91 c2
Event: 0.385 Thread 0x000002533fe12800 DEOPT PACKING pc=0x0000025351878990 sp=0x0000008381cfb000
Event: 0.385 Thread 0x000002533fe12800 DEOPT UNPACKING pc=0x0000025349dca1af sp=0x0000008381cfaf20 mode 2
Event: 0.387 Thread 0x000002533fe12800 DEOPT PACKING pc=0x000002534a409d22 sp=0x0000008381cfaeb0
Event: 0.387 Thread 0x000002533fe12800 DEOPT UNPACKING pc=0x0000025349dca95e sp=0x0000008381cfa318 mode 0
Event: 0.412 Thread 0x000002533fe12800 DEOPT PACKING pc=0x000002534a371a50 sp=0x0000008381cfb2a0
Event: 0.412 Thread 0x000002533fe12800 DEOPT UNPACKING pc=0x0000025349dca95e sp=0x0000008381cfa728 mode 0

Classes redefined (0 events):
No events

Internal exceptions (8 events):
Event: 0.168 Thread 0x000002533fe12800 Exception <a 'java/lang/NoSuchMethodError'{0x00000000ffc61ef0}: 'int java.lang.invoke.DirectMethodHandle$Holder.invokeStaticInit(java.lang.Object, java.lang.Object)'> (0x00000000ffc61ef0) thrown at [./src/hotspot/share/interpreter/linkResolver.cpp, line 773]
Event: 0.197 Thread 0x000002533fe12800 Exception <a 'java/lang/NoSuchMethodError'{0x00000000ffb288b8}: 'int java.lang.invoke.DirectMethodHandle$Holder.invokeSpecial(java.lang.Object, java.lang.Object, java.lang.Object, java.lang.Object)'> (0x00000000ffb288b8) thrown at [./src/hotspot/share/interpreter/linkResolver.cpp, line 773]
Event: 0.202 Thread 0x000002533fe12800 Exception <a 'java/lang/NoSuchMethodError'{0x00000000ffb5f148}: 'int java.lang.invoke.DirectMethodHandle$Holder.invokeSpecialIFC(java.lang.Object, java.lang.Object, int)'> (0x00000000ffb5f148) thrown at [./src/hotspot/share/interpreter/linkResolver.cpp, line 773]
Event: 0.410 Thread 0x000002533fe12800 Exception <a 'java/lang/OutOfMemoryError'{0x00000000ff2d7640}> (0x00000000ff2d7640) thrown at [./src/hotspot/share/prims/jni.cpp, line 638]
Event: 0.410 Thread 0x000002533fe12800 Exception <a 'java/lang/OutOfMemoryError'{0x00000000ff2d7640}> (0x00000000ff2d7640) thrown at [./src/hotspot/share/prims/jvm.cpp, line 1310]
Event: 0.410 Thread 0x000002533fe12800 Exception <a 'java/lang/OutOfMemoryError'{0x00000000ff2d7640}> (0x00000000ff2d7640) thrown at [./src/hotspot/share/prims/jvm.cpp, line 1310]
Event: 0.410 Thread 0x000002533fe12800 Exception <a 'java/lang/OutOfMemoryError'{0x00000000ff2d7640}> (0x00000000ff2d7640) thrown at [./src/hotspot/share/prims/jvm.cpp, line 1310]
Event: 0.411 Thread 0x000002533fe12800 Exception <a 'java/lang/OutOfMemoryError'{0x00000000ff2d7640}> (0x00000000ff2d7640) thrown at [./src/hotspot/share/oops/instanceKlass.cpp, line 1029]

Events (20 events):
Event: 0.378 loading class java/net/URLClassLoader$3
Event: 0.378 loading class java/net/URLClassLoader$3 done
Event: 0.378 loading class java/net/URLClassLoader$3$1
Event: 0.378 loading class java/net/URLClassLoader$3$1 done
Event: 0.410 loading class java/util/zip/DataFormatException
Event: 0.410 loading class java/util/zip/DataFormatException done
Event: 0.410 loading class java/security/PrivilegedActionException
Event: 0.410 loading class java/security/PrivilegedActionException done
Event: 0.411 loading class org/gradle/internal/logging/DefaultLoggingConfiguration
Event: 0.411 loading class org/gradle/internal/logging/DefaultLoggingConfiguration done
Event: 0.412 loading class org/gradle/api/logging/LogLevel
Event: 0.412 loading class org/gradle/api/logging/LogLevel done
Event: 0.412 loading class org/gradle/api/logging/configuration/ShowStacktrace
Event: 0.412 loading class org/gradle/api/logging/configuration/ShowStacktrace done
Event: 0.412 loading class org/gradle/api/logging/configuration/ConsoleOutput
Event: 0.412 loading class org/gradle/api/logging/configuration/ConsoleOutput done
Event: 0.412 loading class org/gradle/api/logging/configuration/WarningMode
Event: 0.412 loading class org/gradle/api/logging/configuration/WarningMode done
Event: 0.413 loading class org/gradle/internal/buildevents/BuildExceptionReporter
Event: 0.413 loading class org/gradle/internal/buildevents/BuildExceptionReporter done


Dynamic libraries:
0x00007ff645850000 - 0x00007ff64585d000 	C:\Program Files\OpenJDK\openjdk-11.0.15_10\bin\java.exe
0x00007ffb56cd0000 - 0x00007ffb56ec7000 	C:\WINDOWS\SYSTEM32\ntdll.dll
0x00007ffb56370000 - 0x00007ffb5642d000 	C:\WINDOWS\System32\KERNEL32.DLL
0x00007ffb546a0000 - 0x00007ffb5496d000 	C:\WINDOWS\System32\KERNELBASE.dll
0x00007ffb54970000 - 0x00007ffb54a70000 	C:\WINDOWS\System32\ucrtbase.dll
0x00007ffb516a0000 - 0x00007ffb516b6000 	C:\Program Files\OpenJDK\openjdk-11.0.15_10\bin\VCRUNTIME140.dll
0x00007ffb51660000 - 0x00007ffb51678000 	C:\Program Files\OpenJDK\openjdk-11.0.15_10\bin\jli.dll
0x00007ffb55bc0000 - 0x00007ffb55d60000 	C:\WINDOWS\System32\USER32.dll
0x00007ffb54420000 - 0x00007ffb54442000 	C:\WINDOWS\System32\win32u.dll
0x00007ffb55630000 - 0x00007ffb5565a000 	C:\WINDOWS\System32\GDI32.dll
0x00007ffb54a70000 - 0x00007ffb54b7b000 	C:\WINDOWS\System32\gdi32full.dll
0x00007ffb43480000 - 0x00007ffb4371a000 	C:\WINDOWS\WinSxS\amd64_microsoft.windows.common-controls_6595b64144ccf1df_6.0.19041.1110_none_60b5254171f9507e\COMCTL32.dll
0x00007ffb54570000 - 0x00007ffb5460d000 	C:\WINDOWS\System32\msvcp_win.dll
0x00007ffb55950000 - 0x00007ffb559ee000 	C:\WINDOWS\System32\msvcrt.dll
0x00007ffb55fd0000 - 0x00007ffb56000000 	C:\WINDOWS\System32\IMM32.DLL
0x00007ffb3a880000 - 0x00007ffb3a92a000 	C:\Program Files\OpenJDK\openjdk-11.0.15_10\bin\msvcp140.dll
0x00007ffadcf80000 - 0x00007ffaddad1000 	C:\Program Files\OpenJDK\openjdk-11.0.15_10\bin\server\jvm.dll
0x00007ffb55660000 - 0x00007ffb5570e000 	C:\WINDOWS\System32\ADVAPI32.dll
0x00007ffb55b20000 - 0x00007ffb55bbc000 	C:\WINDOWS\System32\sechost.dll
0x00007ffb55480000 - 0x00007ffb555a5000 	C:\WINDOWS\System32\RPCRT4.dll
0x00007ffb55d60000 - 0x00007ffb55d68000 	C:\WINDOWS\System32\PSAPI.DLL
0x00007ffb521f0000 - 0x00007ffb521f9000 	C:\WINDOWS\SYSTEM32\WSOCK32.dll
0x00007ffb55e20000 - 0x00007ffb55e8b000 	C:\WINDOWS\System32\WS2_32.dll
0x00007ffb456d0000 - 0x00007ffb456f7000 	C:\WINDOWS\SYSTEM32\WINMM.dll
0x00007ffb523d0000 - 0x00007ffb523da000 	C:\WINDOWS\SYSTEM32\VERSION.dll
0x00007ffb524d0000 - 0x00007ffb524e2000 	C:\WINDOWS\SYSTEM32\kernel.appcore.dll
0x00007ffb51640000 - 0x00007ffb51651000 	C:\Program Files\OpenJDK\openjdk-11.0.15_10\bin\verify.dll
0x00007ffb516e0000 - 0x00007ffb518c4000 	C:\WINDOWS\SYSTEM32\DBGHELP.DLL
0x00007ffb4f000000 - 0x00007ffb4f02c000 	C:\WINDOWS\SYSTEM32\dbgcore.DLL
0x00007ffb54610000 - 0x00007ffb54692000 	C:\WINDOWS\System32\bcryptPrimitives.dll
0x00007ffb43060000 - 0x00007ffb43089000 	C:\Program Files\OpenJDK\openjdk-11.0.15_10\bin\java.dll
0x00007ffb51a20000 - 0x00007ffb51a2a000 	C:\Program Files\OpenJDK\openjdk-11.0.15_10\bin\jimage.dll
0x00007ffb51600000 - 0x00007ffb51618000 	C:\Program Files\OpenJDK\openjdk-11.0.15_10\bin\zip.dll
0x00007ffb54d30000 - 0x00007ffb55474000 	C:\WINDOWS\System32\SHELL32.dll
0x00007ffb524f0000 - 0x00007ffb52c84000 	C:\WINDOWS\SYSTEM32\windows.storage.dll
0x00007ffb56010000 - 0x00007ffb56364000 	C:\WINDOWS\System32\combase.dll
0x00007ffb53e50000 - 0x00007ffb53e7c000 	C:\WINDOWS\SYSTEM32\Wldp.dll
0x00007ffb55d70000 - 0x00007ffb55e1d000 	C:\WINDOWS\System32\SHCORE.dll
0x00007ffb56a80000 - 0x00007ffb56ad5000 	C:\WINDOWS\System32\shlwapi.dll
0x00007ffb54330000 - 0x00007ffb5434f000 	C:\WINDOWS\SYSTEM32\profapi.dll
0x00007ffb40e80000 - 0x00007ffb40e99000 	C:\Program Files\OpenJDK\openjdk-11.0.15_10\bin\net.dll
0x00007ffb42750000 - 0x00007ffb4285a000 	C:\WINDOWS\SYSTEM32\WINHTTP.dll
0x00007ffb53bb0000 - 0x00007ffb53c1a000 	C:\WINDOWS\system32\mswsock.dll
0x00007ffb40e60000 - 0x00007ffb40e73000 	C:\Program Files\OpenJDK\openjdk-11.0.15_10\bin\nio.dll

dbghelp: loaded successfully - version: 4.0.5 - missing functions: none
symbol engine: initialized successfully - sym options: 0x614 - pdb path: .;C:\Program Files\OpenJDK\openjdk-11.0.15_10\bin;C:\WINDOWS\SYSTEM32;C:\WINDOWS\WinSxS\amd64_microsoft.windows.common-controls_6595b64144ccf1df_6.0.19041.1110_none_60b5254171f9507e;C:\Program Files\OpenJDK\openjdk-11.0.15_10\bin\server

VM Arguments:
jvm_args: -Xmx64m -Xms64m -Dorg.gradle.appname=gradlew 
java_command: org.gradle.wrapper.GradleWrapperMain app:installDebug -PreactNativeDevServerPort=8081
java_class_path (initial): C:\Users\worki\Desktop\FinalProject\FurniAR\android\\gradle\wrapper\gradle-wrapper.jar
Launcher Type: SUN_STANDARD

[Global flags]
     intx CICompilerCount                          = 4                                         {product} {ergonomic}
     uint ConcGCThreads                            = 2                                         {product} {ergonomic}
     uint G1ConcRefinementThreads                  = 8                                         {product} {ergonomic}
   size_t G1HeapRegionSize                         = 1048576                                   {product} {ergonomic}
    uintx GCDrainStackTargetSize                   = 64                                        {product} {ergonomic}
   size_t InitialHeapSize                          = 67108864                                  {product} {command line}
   size_t MarkStackSize                            = 4194304                                   {product} {ergonomic}
   size_t MaxHeapSize                              = 67108864                                  {product} {command line}
   size_t MaxNewSize                               = 39845888                                  {product} {ergonomic}
   size_t MinHeapDeltaBytes                        = 1048576                                   {product} {ergonomic}
    uintx NonNMethodCodeHeapSize                   = 5836300                                {pd product} {ergonomic}
    uintx NonProfiledCodeHeapSize                  = 122910970                              {pd product} {ergonomic}
    uintx ProfiledCodeHeapSize                     = 122910970                              {pd product} {ergonomic}
    uintx ReservedCodeCacheSize                    = 251658240                              {pd product} {ergonomic}
     bool SegmentedCodeCache                       = true                                      {product} {ergonomic}
     bool UseCompressedClassPointers               = true                                 {lp64_product} {ergonomic}
     bool UseCompressedOops                        = true                                 {lp64_product} {ergonomic}
     bool UseG1GC                                  = true                                      {product} {ergonomic}
     bool UseLargePagesIndividualAllocation        = false                                  {pd product} {ergonomic}

Logging:
Log output configuration:
 #0: stdout all=warning uptime,level,tags
 #1: stderr all=off uptime,level,tags

Environment Variables:
JAVA_HOME=C:\Program Files\OpenJDK\openjdk-11.0.15_10
CLASSPATH=C:\Users\worki\Desktop\FinalProject\FurniAR\android\\gradle\wrapper\gradle-wrapper.jar
PATH=C:\Users\worki\Desktop\FinalProject\FurniAR\android\node_modules\.bin;C:\Users\worki\Desktop\FinalProject\FurniAR\node_modules\.bin;C:\Users\worki\Desktop\FinalProject\node_modules\.bin;C:\Users\worki\Desktop\node_modules\.bin;C:\Users\worki\node_modules\.bin;C:\Users\node_modules\.bin;C:\node_modules\.bin;C:\Program Files\nodejs;C:\Users\worki\Desktop\FinalProject\FurniAR\node_modules\.bin;C:\Users\worki\Desktop\FinalProject\node_modules\.bin;C:\Users\worki\Desktop\node_modules\.bin;C:\Users\worki\node_modules\.bin;C:\Users\node_modules\.bin;C:\node_modules\.bin;C:\Program Files\nodejs\node_modules\npm\node_modules\@npmcli\run-script\lib\node-gyp-bin;C:\Program Files\Common Files\Oracle\Java\javapath;C:\Program Files\Python39\Scripts\;C:\Program Files\Python39\;C:\WINDOWS\system32;C:\WINDOWS;C:\WINDOWS\System32\Wbem;C:\WINDOWS\System32\WindowsPowerShell\v1.0\;C:\WINDOWS\System32\OpenSSH\;C:\Program Files (x86)\Intel\Intel(R) Management Engine Components\DAL;C:\Program Files\Intel\Intel(R) Management Engine Components\DAL;C:\Program Files\dotnet\;C:\Program Files\Microsoft SQL Server\130\Tools\Binn\;C:\Program Files\Microsoft SQL Server\Client SDK\ODBC\170\Tools\Binn\;C:\Program Files\Java\jdk-14.0.2\bin;C:\Program Files\Microsoft SQL Server\120\DTS\Binn\;C:\Program Files\Microsoft SQL Server\Client SDK\ODBC\110\Tools\Binn\;C:\Program Files (x86)\Microsoft SQL Server\120\Tools\Binn\;C:\Program Files\Microsoft SQL Server\120\Tools\Binn\;C:\Program Files (x86)\Microsoft SQL Server\120\Tools\Binn\ManagementStudio\;C:\Program Files (x86)\Microsoft SQL Server\120\DTS\Binn\;C:\Users\PC\AppData\Roaming\Python\Python39\Scripts;C:\ProgramData\chocolatey\bin;C:\Program Files\Java\jdk1.8.0_211\bin;C:\Redis\;C:\Program Files\Git\cmd;C:\Program Files\Microsoft SQL Server\150\Tools\Binn\;C:\Program Files (x86)\Microsoft SQL Server\150\Tools\Binn\;C:\Program Files\Microsoft SQL Server\150\DTS\Binn\;C:\Program Files (x86)\Microsoft SQL Server\150\DTS\Binn\;C:\Program Files\Azure 
USERNAME=worki
OS=Windows_NT
PROCESSOR_IDENTIFIER=Intel64 Family 6 Model 158 Stepping 10, GenuineIntel



---------------  S Y S T E M  ---------------

OS: Windows 10 , 64 bit Build 19041 (10.0.19041.1741)
OS uptime: 1 days 4:25 hours

CPU:total 8 (initial active 8) (4 cores per cpu, 2 threads per core) family 6 model 158 stepping 10 microcode 0xb4, cmov, cx8, fxsr, mmx, sse, sse2, sse3, ssse3, sse4.1, sse4.2, popcnt, avx, avx2, aes, clmul, erms, 3dnowpref, lzcnt, ht, tsc, tscinvbit, bmi1, bmi2, adx, fma

Memory: 4k page, system-wide physical 8034M (1947M free)
TotalPageFile size 15202M (AvailPageFile size 17M)
current process WorkingSet (physical memory assigned to process): 58M, peak: 58M
current process commit charge ("private bytes"): 148M, peak: 148M

vm_info: OpenJDK 64-Bit Server VM (11.0.15+10) for windows-amd64 JRE (11.0.15+10), built on Apr 21 2022 21:29:46 by "tester" with MS VC++ 15.5 (VS2017)

END.
